<?xml version="1.0" encoding="UTF-8"?>
<!-- Generated by org.testng.reporters.JUnitReportReporter -->
<testsuite skipped="0" hostname="LAPTOP-2SQG7017" name="com.actitime.test.CreateCustomer" tests="1" failures="0" timestamp="23 Jul 2020 06:23:01 GMT" time="29.218" errors="0">
  <testcase name="testCreateCustomer" time="29.218" classname="com.actitime.test.CreateCustomer"/>
</testsuite> <!-- com.actitime.test.CreateCustomer -->
